INFO - [♥] Lovely 0.8.0
INFO - [♥] Game directory is at "C:\\Program Files (x86)\\Steam\\steamapps\\common\\Balatro"
INFO - [♥] Writing logs to "C:\\Users\\artur\\AppData\\Roaming\\Balatro\\Mods\\lovely\\log"
INFO - [♥] Using mod directory at "C:\\Users\\artur\\AppData\\Roaming\\Balatro\\Mods"
INFO - [♥] Initialization complete in 1022ms
INFO - [♥] Applied 9 patches to 'main.lua'
INFO - [♥] Applied 5 patches to 'engine/controller.lua'
INFO - [♥] Applied 15 patches to 'back.lua'
INFO - [♥] Applied 7 patches to 'tag.lua'
INFO - [♥] Applied 2 patches to 'engine/moveable.lua'
INFO - [♥] Applied 2 patches to 'engine/sprite.lua'
INFO - [♥] Applied 2 patches to 'engine/animatedsprite.lua'
INFO - [♥] Applied 67 patches to 'functions/misc_functions.lua'
INFO - [♥] Applied 36 patches to 'game.lua'
INFO - [♥] Applied 1 patch to 'globals.lua'
INFO - [♥] Applied 5 patches to 'engine/ui.lua'
INFO - [♥] Applied 91 patches to 'functions/UI_definitions.lua'
INFO - [♥] Applied 49 patches to 'functions/state_events.lua'
INFO - [♥] Applied 116 patches to 'functions/common_events.lua'
INFO - [♥] Applied 50 patches to 'functions/button_callbacks.lua'
WARN - [♥] Regex '(?<indent>[\\t ]*)local seal_type = pseudorandom\\(pseudoseed\\(\'certsl\'\\)\\)\n[\\n\\t ]*if seal_type > 0.75 then _card:set_seal\\(\'Red\', true\\)\n[\\n\\t ]*elseif seal_type > 0.5 then _card:set_seal\\(\'Blue\', true\\)\n[\\n\\t ]*elseif seal_type > 0.25 then _card:set_seal\\(\'Gold\', true\\)\n[\\n\\t ]*else _card:set_seal\\(\'Purple\', true\\)\n[\\n\\t ]*end' on target 'card.lua' for regex patch from smods\lovely\seal.toml resulted in no matches
INFO - [♥] Applied 173 patches to 'card.lua'
INFO - [♥] Applied 10 patches to 'cardarea.lua'
INFO - [♥] Applied 37 patches to 'blind.lua'
INFO - [♥] Applied 2 patches to 'engine/text.lua'
INFO - [G] Failed to connect to the debug server
INFO - [G] 2025-07-05 17:22:03 :: DEBUG :: DebugConsole :: Steamodded Debug Socket started !
INFO - [G] 2025-07-05 17:22:03 :: INFO  :: SMODS :: Steamodded v1.0.0~BETA-0626b
INFO - [♥] Applied 9 patches to 'engine/sound_manager.lua'
INFO - [♥] Applied 1 patch to 'engine/save_manager.lua'
INFO - [G] 2025-07-05 17:22:05 :: WARN  :: Loader :: Found lone Lua file core.lua in Mods directory :: Please place the files for each mod in its own subdirectory.
INFO - [G] 2025-07-05 17:22:05 :: TRACE :: Loader :: Processing Mod file (Legacy header): core.lua
INFO - [G] 2025-07-05 17:22:05 :: WARN  :: Loader :: Mod file core.lua is missing required header component: author
INFO - [G] 2025-07-05 17:22:05 :: TRACE :: Loader :: Processing Mod file (Legacy header): jokers.lua
INFO - [G] 2025-07-05 17:22:05 :: WARN  :: Loader :: Mod file jokers.lua is missing required header component: author
INFO - [G] 2025-07-05 17:22:05 :: INFO  :: TIMER :: [0000] Injected Fonts in 0.001 ms
INFO - [G] 2025-07-05 17:22:05 :: INFO  :: TIMER :: [0000] Injected Language in 0.001 ms
INFO - [G] 2025-07-05 17:22:05 :: INFO  :: TIMER :: [0000] Injected [INTERNAL] in 24.245 ms
INFO - [G] 2025-07-05 17:22:05 :: INFO  :: TIMER :: [0002] Injected Atlas in 386.506 ms
INFO - [G] 2025-07-05 17:22:05 :: INFO  :: TIMER :: [0001] Injected Sound in 7.076 ms
INFO - [G] 2025-07-05 17:22:05 :: INFO  :: TIMER :: [0008] Injected Stake in 0.138 ms
INFO - [G] 2025-07-05 17:22:05 :: INFO  :: TIMER :: [0004] Injected Rarity in 0.122 ms
INFO - [G] 2025-07-05 17:22:05 :: INFO  :: TIMER :: [0004] Injected ObjectType in 0.041 ms
INFO - [G] 2025-07-05 17:22:05 :: INFO  :: TIMER :: [0050] Injected Center in 0.566 ms
INFO - [G] 2025-07-05 17:22:05 :: INFO  :: TIMER :: [0007] Injected Undiscovered Sprite in 0.036 ms
INFO - [G] 2025-07-05 17:22:05 :: INFO  :: TIMER :: [0002] Injected Blind in 0.015 ms
INFO - [G] 2025-07-05 17:22:05 :: INFO  :: TIMER :: [0004] Injected Seal in 0.169 ms
INFO - [G] 2025-07-05 17:22:05 :: INFO  :: TIMER :: [0004] Injected Suit in 0.079 ms
INFO - [G] 2025-07-05 17:22:05 :: INFO  :: TIMER :: [0013] Injected Rank in 0.132 ms
INFO - [G] 2025-07-05 17:22:05 :: INFO  :: TIMER :: [0028] Injected DeckSkin in 0.315 ms
INFO - [G] 2025-07-05 17:22:05 :: INFO  :: TIMER :: [0012] Injected PokerHand in 0.141 ms
INFO - [G] 2025-07-05 17:22:05 :: INFO  :: TIMER :: [0020] Injected Challenge in 0.092 ms
INFO - [G] 2025-07-05 17:22:05 :: INFO  :: TIMER :: [0000] Injected Tag in 0.002 ms
INFO - [G] 2025-07-05 17:22:05 :: INFO  :: TIMER :: [0004] Injected Sticker in 0.105 ms
INFO - [G] 2025-07-05 17:22:05 :: INFO  :: TIMER :: [0000] Injected Shader in 0.002 ms
INFO - [G] 2025-07-05 17:22:05 :: INFO  :: TIMER :: [0002] Injected Keybind in 0.016 ms
INFO - [G] 2025-07-05 17:22:05 :: INFO  :: TIMER :: [0000] Injected Achievement in 0.044 ms
INFO - [G] 2025-07-05 17:22:05 :: INFO  :: TIMER :: [0002] Injected nil in 0.019 ms
INFO - [G] 2025-07-05 17:22:05 :: INFO  :: TIMER :: [0021] Injected Draw Step in 0.056 ms
INFO - [G] 2025-07-05 17:22:05 :: INFO  :: TIMER :: [0000] Injected [INTERNAL] in 0.003 ms
INFO - [G] LONG DT @ 29: 0.1
INFO - [G] LONG DT @ 29: 0.1
INFO - [G] LONG DT @ 29: 0.08068378
INFO - [G] LONG DT @ 29: 0.067574344
INFO - [G] LONG DT @ 29: 0.0551131152
